<?xml version="1.0" encoding="UTF-8"?>
<!-- Generated by org.testng.reporters.JUnitXMLReporter -->
<testsuite ignored="0" hostname="DESKTOP-84TE32L" failures="1" tests="2" name="Test" time="0.042" errors="0" timestamp="2020-01-16T14:53:27 CST">
  <testcase classname="com.TestNGstudyMySelf.Listeners" name="loginWithEmail" time="0.007"/>
  <testcase classname="com.TestNGstudyMySelf.Listeners" name="loginWithFacebook" time="0.003">
    <failure type="java.lang.AssertionError" message="expected [testString1] but found [testString]">
      <![CDATA[java.lang.AssertionError: expected [testString1] but found [testString]
at com.TestNGstudyMySelf.Listeners.loginWithFacebook(Listeners.java:16)
at java.base/java.util.ArrayList.forEach(ArrayList.java:1540)
... Removed 32 stack frames]]>
    </failure>
  </testcase> <!-- loginWithFacebook -->
</testsuite> <!-- Test -->
