<?xml version="1.0" encoding="UTF-8"?>
<!-- Generated by org.testng.reporters.JUnitXMLReporter -->
<testsuite ignored="1" hostname="DESKTOP-84TE32L" failures="0" tests="18" name="Test" time="50.615" errors="0" timestamp="2020-01-13T19:36:46 CST">
  <testcase classname="com.class1.TaskAnnotation" name="change" time="0.006"/>
  <testcase classname="com.class1.TaskAnnotation" name="delete" time="0.002"/>
  <testcase classname="com.class2.SoftAssertion" name="LogoAndLogin" time="2.226"/>
  <testcase classname="com.class2.AssertionsDemo" name="logoValidation" time="0.054"/>
  <testcase classname="com.class1.TestNGDemo" name="testOne" time="0.001"/>
  <testcase classname="com.class1.TestNGDemo" name="testThree" time="0.001"/>
  <testcase classname="com.class1.TestNGDemo" name="testTwo" time="0.002"/>
  <testcase classname="com.class1.TaskTestNG" name="close" time="0.0"/>
  <testcase classname="com.class1.TaskTestNG" name="getPage" time="0.001"/>
  <testcase classname="com.class1.TaskTestNG" name="loggingIn" time="0.004"/>
  <testcase classname="com.class1.TitleAndLoginVerification" name="logoValidation" time="0.054"/>
  <testcase classname="com.class1.TitleAndLoginVerification" name="titleValidation" time="0.015"/>
  <testcase classname="com.class2.AssertionsDemo" name="titleValidation" time="0.01"/>
  <testcase classname="com.class1.TitleAndLoginVerification" name="validLogin" time="2.092"/>
  <testcase classname="com.class1.DifferentAnnotation" name="test" time="0.0"/>
  <testcase classname="com.class2.TaskAssertion$HW" name="validationOfLogo" time="2.279"/>
  <testcase classname="com.class2.TaskAssertion$HW" name="validationOfMessage" time="0.203"/>
  <testcase classname="com.class1.HwPasswordValidation$HW" name="validationOfMessage" time="0.224"/>
  <testcase classname="com.class1.HwPasswordValidation$HW" name="validationOfLogo" time="0.0">
    <ignored/>
  </testcase> <!-- validationOfLogo -->
</testsuite> <!-- Test -->
