<?xml version="1.0" encoding="UTF-8"?>
<!-- Generated by org.testng.reporters.JUnitXMLReporter -->
<testsuite ignored="14" hostname="DESKTOP-84TE32L" failures="0" tests="5" name="AddEmployeeTest" time="122.497" errors="0" timestamp="2020-01-16T08:57:06 CST">
  <testcase classname="com.class3.HWDataProviderAddEmployee" name="addEmployee" time="11.228"/>
  <testcase classname="com.class3.HWDataProviderAddEmployee" name="addEmployee" time="9.981"/>
  <testcase classname="com.class3.HWDataProviderAddEmployee" name="addEmployee" time="11.79"/>
  <testcase classname="com.class3.HWDataProviderAddEmployee" name="addEmployee" time="12.89"/>
  <testcase classname="com.class3.HWDataProviderAddEmployee" name="addEmployee" time="13.296"/>
  <testcase classname="com.class3.GroupsSoftAssertionDemo" name="logoAndLogin" time="0.0">
    <ignored/>
  </testcase> <!-- logoAndLogin -->
  <testcase classname="com.class3.GroupsTitleLogoVerification" name="titleValidation" time="0.0">
    <ignored/>
  </testcase> <!-- titleValidation -->
  <testcase classname="com.class3.GroupsTitleLogoVerification" name="logoValidation" time="0.0">
    <ignored/>
  </testcase> <!-- logoValidation -->
  <testcase classname="com.class3.GroupsAssertionDemo" name="logoValidation" time="0.0">
    <ignored/>
  </testcase> <!-- logoValidation -->
  <testcase classname="com.class3.GroupsTitleLogoVerification" name="validLogin" time="0.0">
    <ignored/>
  </testcase> <!-- validLogin -->
  <testcase classname="com.class3.Groups" name="titleValidation" time="0.0">
    <ignored/>
  </testcase> <!-- titleValidation -->
  <testcase classname="com.class3.Groups" name="validLogin" time="0.0">
    <ignored/>
  </testcase> <!-- validLogin -->
  <testcase classname="com.class3.GroupsAssertionDemo" name="titleValidation" time="0.0">
    <ignored/>
  </testcase> <!-- titleValidation -->
  <testcase classname="com.class3.AlwaysRun" name="testMethod1" time="0.0">
    <ignored/>
  </testcase> <!-- testMethod1 -->
  <testcase classname="com.class3.DataProviderDemo" name="login" time="0.0">
    <ignored/>
  </testcase> <!-- login -->
  <testcase classname="com.class3.Groups" name="logoValidation" time="0.0">
    <ignored/>
  </testcase> <!-- logoValidation -->
  <testcase classname="com.class3.GroupsHW" name="validationOfMessage" time="0.0">
    <ignored/>
  </testcase> <!-- validationOfMessage -->
  <testcase classname="com.class3.AlwaysRun" name="testMethod" time="0.0">
    <ignored/>
  </testcase> <!-- testMethod -->
  <testcase classname="com.class3.GroupsHW" name="validationOfLogo" time="0.0">
    <ignored/>
  </testcase> <!-- validationOfLogo -->
</testsuite> <!-- AddEmployeeTest -->
