<?xml version="1.0" encoding="UTF-8"?>
<!-- Generated by org.testng.reporters.JUnitXMLReporter -->
<testsuite ignored="0" hostname="DESKTOP-84TE32L" failures="1" tests="2" name="Regression Test" time="12.102" errors="0" timestamp="2020-01-17T14:01:11 CST">
  <testcase classname="com.class4.LoginAndTitle" name="titleValidation" time="0.029">
    <failure type="java.lang.AssertionError" message="Titles are NOT matched expected [Human Management Systems] but found [Human Management System]">
      <![CDATA[java.lang.AssertionError: Titles are NOT matched expected [Human Management Systems] but found [Human Management System]
at com.class4.LoginAndTitle.titleValidation(LoginAndTitle.java:23)
at java.base/java.util.ArrayList.forEach(ArrayList.java:1540)
... Removed 31 stack frames]]>
    </failure>
  </testcase> <!-- titleValidation -->
  <testcase classname="com.class4.LoginAndTitle" name="logoValidation" time="0.103"/>
</testsuite> <!-- Regression Test -->
