<?xml version="1.0" encoding="UTF-8"?>
<!-- Generated by org.testng.reporters.JUnitXMLReporter -->
<testsuite ignored="0" hostname="DESKTOP-84TE32L" failures="2" tests="2" name="Test" time="11.809" errors="0" timestamp="2020-01-17T13:52:08 CST">
  <testcase classname="com.class4.LoginAndTitle" name="titleValidation" time="0.018">
    <failure type="java.lang.AssertionError" message="Titles are NOT matched expected [Human Management Systems] but found [Human Management System]">
      <![CDATA[java.lang.AssertionError: Titles are NOT matched expected [Human Management Systems] but found [Human Management System]
at com.class4.LoginAndTitle.titleValidation(LoginAndTitle.java:23)
at java.base/java.util.ArrayList.forEach(ArrayList.java:1540)
... Removed 31 stack frames]]>
    </failure>
  </testcase> <!-- titleValidation -->
  <testcase classname="com.class4.LoginAndTitle" name="logoValidation" time="0.102">
    <failure type="java.lang.AssertionError" message="Syntax Logo is NOT displayed did not expect to find [true] but found [false]">
      <![CDATA[java.lang.AssertionError: Syntax Logo is NOT displayed did not expect to find [true] but found [false]
at com.class4.LoginAndTitle.logoValidation(LoginAndTitle.java:31)
at java.base/java.util.ArrayList.forEach(ArrayList.java:1540)
... Removed 30 stack frames]]>
    </failure>
  </testcase> <!-- logoValidation -->
</testsuite> <!-- Test -->
