<?xml version="1.0" encoding="UTF-8"?>
<!-- Generated by org.testng.reporters.JUnitXMLReporter -->
<testsuite ignored="0" hostname="DESKTOP-84TE32L" failures="0" tests="22" name="Test" time="37.085" errors="0" timestamp="2020-01-16T20:48:42 CST">
  <testcase classname="com.TestNGstudyMySelf.GoogleTest" name="googleTitleTest" time="0.043"/>
  <testcase classname="com.TestNGstudyMySelf.GoogleTest" name="mailLinkTest" time="0.125"/>
  <testcase classname="com.TestNGstudyMySelf.GoogleTest" name="googleLogoTest" time="0.136"/>
  <testcase classname="com.TestNGstudyMySelf.TestNGFeatures" name="loginTest" time="0.008"/>
  <testcase classname="com.TestNGstudyMySelf.TestNGFeatures" name="homePageTest" time="0.004"/>
  <testcase classname="com.TestNGstudyMySelf.ExceptionTimeOutTest" name="test1" time="0.003"/>
  <testcase classname="com.TestNGstudyMySelf.InvocationCountTest" name="sum" time="0.005"/>
  <testcase classname="com.TestNGstudyMySelf.InvocationCountTest" name="sum" time="0.002"/>
  <testcase classname="com.TestNGstudyMySelf.InvocationCountTest" name="sum" time="0.003"/>
  <testcase classname="com.TestNGstudyMySelf.InvocationCountTest" name="sum" time="0.002"/>
  <testcase classname="com.TestNGstudyMySelf.InvocationCountTest" name="sum" time="0.002"/>
  <testcase classname="com.TestNGstudyMySelf.InvocationCountTest" name="sum" time="0.006"/>
  <testcase classname="com.TestNGstudyMySelf.InvocationCountTest" name="sum" time="0.002"/>
  <testcase classname="com.TestNGstudyMySelf.InvocationCountTest" name="sum" time="0.01"/>
  <testcase classname="com.TestNGstudyMySelf.InvocationCountTest" name="sum" time="0.003"/>
  <testcase classname="com.TestNGstudyMySelf.InvocationCountTest" name="sum" time="0.003"/>
  <testcase classname="com.TestNGstudyMySelf.GoogleTitleTest" name="googleLogoTest" time="0.134"/>
  <testcase classname="com.TestNGstudyMySelf.GoogleTitleTest" name="googleTitleTest" time="0.011"/>
  <testcase classname="com.TestNGstudyMySelf.GoogleTitleTest" name="mailLinkTest" time="0.123"/>
  <testcase classname="com.TestNGstudyMySelf.TestNGBasics" name="googleLogoTest" time="0.003"/>
  <testcase classname="com.TestNGstudyMySelf.TestNGBasics" name="googleTitleTest" time="0.002"/>
  <testcase classname="com.TestNGstudyMySelf.TestNGBasics" name="searchTest" time="0.002"/>
</testsuite> <!-- Test -->
